[INFO] 09:40:05 [ProcessingFaced] ImageProcessing
[INFO] 09:40:06 AINNNNN
[INFO] 09:40:06 UINNNNN
[INFO] 09:40:06 BUINNNNN
[09:56:21] INFO [ProcessingFaced] ImageProcessing
[09:56:22] INFO AINNNNN
[09:56:22] INFO UINNNNN
[09:56:22] INFO BUINNNNN
[10:48:31] INFO [ProcessingFaced] ImageProcessing
[10:48:31] INFO AINNNNN
[10:48:31] INFO UINNNNN
[10:48:31] INFO BUINNNNN
[10:51:01] INFO [ProcessingFaced] ImageProcessing
[10:51:02] INFO AINNNNN
[10:51:02] INFO UINNNNN
[10:51:02] INFO BUINNNNN
[16:39:38] INFO [ProcessingFaced] ImageProcessing
[16:39:38] INFO AINNNNN
[16:39:38] INFO UINNNNN
[16:39:38] INFO BUINNNNN
[16:41:08] INFO [ProcessingFaced] ImageProcessing
[16:41:08] INFO AINNNNN
[16:41:08] INFO UINNNNN
[16:41:08] INFO BUINNNNN
[16:41:53] INFO [ProcessingFaced] ImageProcessing
[16:41:53] INFO AINNNNN
[16:41:53] INFO UINNNNN
[16:41:53] INFO BUINNNNN
[16:42:20] INFO [ProcessingFaced] ImageProcessing
[16:42:21] INFO AINNNNN
[16:42:21] INFO UINNNNN
[16:42:21] INFO BUINNNNN
[16:42:30] INFO [ProcessingFaced] ImageProcessing
[16:42:30] INFO AINNNNN
[16:42:30] INFO UINNNNN
[16:42:30] INFO BUINNNNN
[17:10:56] INFO [ProcessingFaced] ImageProcessing
[17:10:56] INFO AINNNNN
[17:10:56] INFO UINNNNN
[17:10:56] INFO BUINNNNN
[17:12:59] INFO [ProcessingFaced] ImageProcessing
[17:12:59] INFO AINNNNN
[17:12:59] INFO UINNNNN
[17:12:59] INFO BUINNNNN
[17:17:38] INFO [ProcessingFaced] ImageProcessing
[17:17:39] INFO AINNNNN
[17:17:39] INFO UINNNNN
[17:17:39] INFO BUINNNNN
[17:28:46] INFO Clicking in the image viewer
